Flow report for K1mod
Fri Mar 23 21:20:50 2018
Quartus Prime Version 17.0.0 Build 595 04/25/2017 SJ Lite Edition


---------------------
; Table of Contents ;
---------------------
  1. Legal Notice
  2. Flow Summary
  3. Flow Settings
  4. Flow Non-Default Global Settings
  5. Flow Elapsed Time
  6. Flow OS Summary
  7. Flow Log
  8. Flow Messages
  9. Flow Suppressed Messages



----------------
; Legal Notice ;
----------------
Copyright (C) 2017  Intel Corporation. All rights reserved.
Your use of Intel Corporation's design tools, logic functions 
and other software and tools, and its AMPP partner logic 
functions, and any output files from any of the foregoing 
(including device programming or simulation files), and any 
associated documentation or information are expressly subject 
to the terms and conditions of the Intel Program License 
Subscription Agreement, the Intel Quartus Prime License Agreement,
the Intel MegaCore Function License Agreement, or other 
applicable license agreement, including, without limitation, 
that your use is for the sole purpose of programming logic 
devices manufactured by Intel and sold by Intel or its 
authorized distributors.  Please refer to the applicable 
agreement for further details.



+-------------------------------------------------------------------------------+
; Flow Summary                                                                  ;
+---------------------------------+---------------------------------------------+
; Flow Status                     ; Successful - Fri Mar 23 21:20:50 2018       ;
; Quartus Prime Version           ; 17.0.0 Build 595 04/25/2017 SJ Lite Edition ;
; Revision Name                   ; K1mod                                       ;
; Top-level Entity Name           ; K1mod                                       ;
; Family                          ; Cyclone V                                   ;
; Device                          ; 5CEBA4F23C7                                 ;
; Timing Models                   ; Final                                       ;
; Logic utilization (in ALMs)     ; 1,314 / 18,480 ( 7 % )                      ;
; Total registers                 ; 1750                                        ;
; Total pins                      ; 18 / 224 ( 8 % )                            ;
; Total virtual pins              ; 0                                           ;
; Total block memory bits         ; 798,720 / 3,153,920 ( 25 % )                ;
; Total DSP Blocks                ; 2 / 66 ( 3 % )                              ;
; Total HSSI RX PCSs              ; 0                                           ;
; Total HSSI PMA RX Deserializers ; 0                                           ;
; Total HSSI TX PCSs              ; 0                                           ;
; Total HSSI PMA TX Serializers   ; 0                                           ;
; Total PLLs                      ; 1 / 4 ( 25 % )                              ;
; Total DLLs                      ; 0 / 4 ( 0 % )                               ;
+---------------------------------+---------------------------------------------+


+-----------------------------------------+
; Flow Settings                           ;
+-------------------+---------------------+
; Option            ; Setting             ;
+-------------------+---------------------+
; Start date & time ; 03/23/2018 21:10:27 ;
; Main task         ; Compilation         ;
; Revision Name     ; K1mod               ;
+-------------------+---------------------+


+----------------------------------------------------------------------------------------------------------------------------------------+
; Flow Non-Default Global Settings                                                                                                       ;
+-------------------------------------+-------------------------------------------------+---------------+-------------+------------------+
; Assignment Name                     ; Value                                           ; Default Value ; Entity Name ; Section Id       ;
+-------------------------------------+-------------------------------------------------+---------------+-------------+------------------+
; COMPILER_SIGNATURE_ID               ; 174508025295553.152183942716756                 ; --            ; --          ; --               ;
; ENABLE_SIGNALTAP                    ; On                                              ; --            ; --          ; --               ;
; FLOW_ENABLE_IO_ASSIGNMENT_ANALYSIS  ; On                                              ; Off           ; --          ; --               ;
; FLOW_ENABLE_RTL_VIEWER              ; On                                              ; Off           ; --          ; --               ;
; MAX_CORE_JUNCTION_TEMP              ; 85                                              ; --            ; --          ; --               ;
; MIN_CORE_JUNCTION_TEMP              ; 0                                               ; --            ; --          ; --               ;
; MISC_FILE                           ; ROMip.bsf                                       ; --            ; --          ; --               ;
; MISC_FILE                           ; ROMip.cmp                                       ; --            ; --          ; --               ;
; MISC_FILE                           ; fivetoten.cmp                                   ; --            ; --          ; --               ;
; MISC_FILE                           ; fivetoten_sim/fivetoten.vho                     ; --            ; --          ; --               ;
; MISC_FILE                           ; VGA.bsf                                         ; --            ; --          ; --               ;
; MISC_FILE                           ; VGA.cmp                                         ; --            ; --          ; --               ;
; MISC_FILE                           ; main.cmp                                        ; --            ; --          ; --               ;
; MISC_FILE                           ; main_sim/main.vho                               ; --            ; --          ; --               ;
; PARTITION_COLOR                     ; -- (Not supported for targeted family)          ; --            ; --          ; Top              ;
; PARTITION_FITTER_PRESERVATION_LEVEL ; -- (Not supported for targeted family)          ; --            ; --          ; Top              ;
; PARTITION_NETLIST_TYPE              ; -- (Not supported for targeted family)          ; --            ; --          ; Top              ;
; POWER_BOARD_THERMAL_MODEL           ; None (CONSERVATIVE)                             ; --            ; --          ; --               ;
; POWER_PRESET_COOLING_SOLUTION       ; 23 MM HEAT SINK WITH 200 LFPM AIRFLOW           ; --            ; --          ; --               ;
; PROJECT_OUTPUT_DIRECTORY            ; output_files                                    ; --            ; --          ; --               ;
; SLD_FILE                            ; db/stp1_auto_stripped.stp                       ; --            ; --          ; --               ;
; SLD_NODE_CREATOR_ID                 ; 110                                             ; --            ; --          ; auto_signaltap_0 ;
; SLD_NODE_ENTITY_NAME                ; sld_signaltap                                   ; --            ; --          ; auto_signaltap_0 ;
; SLD_NODE_PARAMETER_ASSIGNMENT       ; SLD_RAM_BLOCK_TYPE=AUTO                         ; --            ; --          ; auto_signaltap_0 ;
; SLD_NODE_PARAMETER_ASSIGNMENT       ; SLD_NODE_INFO=805334528                         ; --            ; --          ; auto_signaltap_0 ;
; SLD_NODE_PARAMETER_ASSIGNMENT       ; SLD_POWER_UP_TRIGGER=0                          ; --            ; --          ; auto_signaltap_0 ;
; SLD_NODE_PARAMETER_ASSIGNMENT       ; SLD_STORAGE_QUALIFIER_INVERSION_MASK_LENGTH=0   ; --            ; --          ; auto_signaltap_0 ;
; SLD_NODE_PARAMETER_ASSIGNMENT       ; SLD_ATTRIBUTE_MEM_MODE=OFF                      ; --            ; --          ; auto_signaltap_0 ;
; SLD_NODE_PARAMETER_ASSIGNMENT       ; SLD_STATE_FLOW_USE_GENERATED=0                  ; --            ; --          ; auto_signaltap_0 ;
; SLD_NODE_PARAMETER_ASSIGNMENT       ; SLD_STATE_BITS=11                               ; --            ; --          ; auto_signaltap_0 ;
; SLD_NODE_PARAMETER_ASSIGNMENT       ; SLD_BUFFER_FULL_STOP=1                          ; --            ; --          ; auto_signaltap_0 ;
; SLD_NODE_PARAMETER_ASSIGNMENT       ; SLD_CURRENT_RESOURCE_WIDTH=1                    ; --            ; --          ; auto_signaltap_0 ;
; SLD_NODE_PARAMETER_ASSIGNMENT       ; SLD_INCREMENTAL_ROUTING=1                       ; --            ; --          ; auto_signaltap_0 ;
; SLD_NODE_PARAMETER_ASSIGNMENT       ; SLD_TRIGGER_LEVEL=1                             ; --            ; --          ; auto_signaltap_0 ;
; SLD_NODE_PARAMETER_ASSIGNMENT       ; SLD_TRIGGER_IN_ENABLED=0                        ; --            ; --          ; auto_signaltap_0 ;
; SLD_NODE_PARAMETER_ASSIGNMENT       ; SLD_TRIGGER_PIPELINE=0                          ; --            ; --          ; auto_signaltap_0 ;
; SLD_NODE_PARAMETER_ASSIGNMENT       ; SLD_RAM_PIPELINE=0                              ; --            ; --          ; auto_signaltap_0 ;
; SLD_NODE_PARAMETER_ASSIGNMENT       ; SLD_COUNTER_PIPELINE=0                          ; --            ; --          ; auto_signaltap_0 ;
; SLD_NODE_PARAMETER_ASSIGNMENT       ; SLD_ADVANCED_TRIGGER_ENTITY=basic,1,            ; --            ; --          ; auto_signaltap_0 ;
; SLD_NODE_PARAMETER_ASSIGNMENT       ; SLD_TRIGGER_LEVEL_PIPELINE=1                    ; --            ; --          ; auto_signaltap_0 ;
; SLD_NODE_PARAMETER_ASSIGNMENT       ; SLD_ENABLE_ADVANCED_TRIGGER=0                   ; --            ; --          ; auto_signaltap_0 ;
; SLD_NODE_PARAMETER_ASSIGNMENT       ; SLD_SEGMENT_SIZE=2048                           ; --            ; --          ; auto_signaltap_0 ;
; SLD_NODE_PARAMETER_ASSIGNMENT       ; SLD_SAMPLE_DEPTH=2048                           ; --            ; --          ; auto_signaltap_0 ;
; SLD_NODE_PARAMETER_ASSIGNMENT       ; SLD_TRIGGER_BITS=1                              ; --            ; --          ; auto_signaltap_0 ;
; SLD_NODE_PARAMETER_ASSIGNMENT       ; SLD_INVERSION_MASK=0000000000000000000000000000 ; --            ; --          ; auto_signaltap_0 ;
; SLD_NODE_PARAMETER_ASSIGNMENT       ; SLD_INVERSION_MASK_LENGTH=28                    ; --            ; --          ; auto_signaltap_0 ;
; SLD_NODE_PARAMETER_ASSIGNMENT       ; SLD_DATA_BITS=102                               ; --            ; --          ; auto_signaltap_0 ;
; SLD_NODE_PARAMETER_ASSIGNMENT       ; SLD_STORAGE_QUALIFIER_BITS=148                  ; --            ; --          ; auto_signaltap_0 ;
; SMART_RECOMPILE                     ; On                                              ; Off           ; --          ; --               ;
; SPD_FILE                            ; fivetoten.spd                                   ; --            ; --          ; --               ;
; SPD_FILE                            ; main.spd                                        ; --            ; --          ; --               ;
; SYNTHESIS_ONLY_QIP                  ; On                                              ; --            ; --          ; --               ;
; SYNTHESIS_ONLY_QIP                  ; On                                              ; --            ; --          ; --               ;
; USE_SIGNALTAP_FILE                  ; output_files/stp1.stp                           ; --            ; --          ; --               ;
; VHDL_INPUT_VERSION                  ; VHDL_2008                                       ; VHDL_1993     ; --          ; --               ;
; VHDL_SHOW_LMF_MAPPING_MESSAGES      ; Off                                             ; --            ; --          ; --               ;
+-------------------------------------+-------------------------------------------------+---------------+-------------+------------------+


+-------------------------------------------------------------------------------------------------------------------------------+
; Flow Elapsed Time                                                                                                             ;
+---------------------------+--------------+-------------------------+---------------------+------------------------------------+
; Module Name               ; Elapsed Time ; Average Processors Used ; Peak Virtual Memory ; Total CPU Time (on all processors) ;
+---------------------------+--------------+-------------------------+---------------------+------------------------------------+
; Analysis & Synthesis      ; 00:00:30     ; 1.0                     ; 888 MB              ; 00:00:58                           ;
; I/O Assignment Analysis   ; 00:00:10     ; 1.0                     ; 1243 MB             ; 00:00:10                           ;
; Fitter                    ; 00:01:35     ; 1.4                     ; 2422 MB             ; 00:03:36                           ;
; Assembler                 ; 00:00:06     ; 1.0                     ; 780 MB              ; 00:00:06                           ;
; TimeQuest Timing Analyzer ; 00:01:04     ; 1.2                     ; 1133 MB             ; 00:01:17                           ;
; MIF/HEX Update            ; 00:00:06     ; 1.0                     ; 780 MB              ; 00:00:06                           ;
; Assembler                 ; 00:00:05     ; 1.0                     ; 780 MB              ; 00:00:05                           ;
; MIF/HEX Update            ; 00:00:06     ; 1.0                     ; 778 MB              ; 00:00:06                           ;
; Assembler                 ; 00:00:05     ; 1.0                     ; 781 MB              ; 00:00:05                           ;
; Total                     ; 00:03:47     ; --                      ; --                  ; 00:06:29                           ;
+---------------------------+--------------+-------------------------+---------------------+------------------------------------+


+-----------------------------------------------------------------------------------------+
; Flow OS Summary                                                                         ;
+---------------------------+------------------+------------+------------+----------------+
; Module Name               ; Machine Hostname ; OS Name    ; OS Version ; Processor type ;
+---------------------------+------------------+------------+------------+----------------+
; Analysis & Synthesis      ; DESKTOP-N99POKM  ; Windows 10 ; 10.0       ; x86_64         ;
; I/O Assignment Analysis   ; DESKTOP-N99POKM  ; Windows 10 ; 10.0       ; x86_64         ;
; Fitter                    ; DESKTOP-N99POKM  ; Windows 10 ; 10.0       ; x86_64         ;
; Assembler                 ; DESKTOP-N99POKM  ; Windows 10 ; 10.0       ; x86_64         ;
; TimeQuest Timing Analyzer ; DESKTOP-N99POKM  ; Windows 10 ; 10.0       ; x86_64         ;
; MIF/HEX Update            ; DESKTOP-N99POKM  ; Windows 10 ; 10.0       ; x86_64         ;
; Assembler                 ; DESKTOP-N99POKM  ; Windows 10 ; 10.0       ; x86_64         ;
; MIF/HEX Update            ; DESKTOP-N99POKM  ; Windows 10 ; 10.0       ; x86_64         ;
; Assembler                 ; DESKTOP-N99POKM  ; Windows 10 ; 10.0       ; x86_64         ;
+---------------------------+------------------+------------+------------+----------------+


------------
; Flow Log ;
------------
quartus_map --read_settings_files=on --write_settings_files=off K1mod -c K1mod
quartus_fit --read_settings_files=off --write_settings_files=off K1mod -c K1mod --plan
quartus_fit --read_settings_files=off --write_settings_files=off K1mod -c K1mod
quartus_asm --read_settings_files=off --write_settings_files=off K1mod -c K1mod
quartus_sta K1mod -c K1mod
quartus_cdb K1mod -c K1mod --update_mif
quartus_asm --read_settings_files=on --write_settings_files=off K1mod -c K1mod
quartus_cdb K1mod -c K1mod --update_mif
quartus_asm --read_settings_files=on --write_settings_files=off K1mod -c K1mod



