MIF/HEX Update report for K1mod
Fri Mar 23 21:20:44 2018
Quartus Prime Version 17.0.0 Build 595 04/25/2017 SJ Lite Edition


---------------------
; Table of Contents ;
---------------------
  1. Legal Notice
  2. MIF/HEX Update Summary
  3. MIF/HEX Update Processed Files
  4. MIF/HEX Update Messages



----------------
; Legal Notice ;
----------------
Copyright (C) 2017  Intel Corporation. All rights reserved.
Your use of Intel Corporation's design tools, logic functions 
and other software and tools, and its AMPP partner logic 
functions, and any output files from any of the foregoing 
(including device programming or simulation files), and any 
associated documentation or information are expressly subject 
to the terms and conditions of the Intel Program License 
Subscription Agreement, the Intel Quartus Prime License Agreement,
the Intel MegaCore Function License Agreement, or other 
applicable license agreement, including, without limitation, 
that your use is for the sole purpose of programming logic 
devices manufactured by Intel and sold by Intel or its 
authorized distributors.  Please refer to the applicable 
agreement for further details.



+---------------------------------------------------------------+
; MIF/HEX Update Summary                                        ;
+-----------------------+---------------------------------------+
; MIF/HEX Update Status ; Successful - Fri Mar 23 21:20:44 2018 ;
; Revision Name         ; K1mod                                 ;
; Top-level Entity Name ; K1mod                                 ;
; Family                ; Cyclone V                             ;
; Device                ; 5CEBA4F23C7                           ;
+-----------------------+---------------------------------------+


+-------------------------------------------------------------+
; MIF/HEX Update Processed Files                              ;
+-------------------------------------------------------------+
; File Name                                                   ;
+-------------------------------------------------------------+
; C:/Users/lukej/Desktop/EPQ2017tests/K1mod/K1mod/image.mif   ;
; C:/Users/lukej/Desktop/EPQ2017tests/K1mod/K1mod/program.mif ;
+-------------------------------------------------------------+


+-------------------------+
; MIF/HEX Update Messages ;
+-------------------------+
Info: *******************************************************************
Info: Running Quartus Prime MIF/HEX Update
    Info: Version 17.0.0 Build 595 04/25/2017 SJ Lite Edition
    Info: Processing started: Fri Mar 23 21:20:38 2018
Info: Command: quartus_cdb K1mod -c K1mod --update_mif
Warning (18236): Number of processors has not been specified which may cause overloading on shared machines.  Set the global assignment NUM_PARALLEL_PROCESSORS in your QSF to an appropriate value for best performance.
Warning (113028): 32767 out of 65536 addresses are uninitialized. The Quartus Prime software will initialize them to "0". There are 1 warnings found, and 1 warnings are reported. File: C:/Users/lukej/Desktop/EPQ2017tests/K1mod/K1mod/image.mif Line: 1
    Warning (113027): Addresses ranging from 32769 to 65535 are not initialized File: C:/Users/lukej/Desktop/EPQ2017tests/K1mod/K1mod/image.mif Line: 1
Info (39024): Processed the following Memory Initialization File(s)
    Info (39025): Processed Memory Initialization File C:/Users/lukej/Desktop/EPQ2017tests/K1mod/K1mod/image.mif File: C:/Users/lukej/Desktop/EPQ2017tests/K1mod/K1mod/image.mif Line: 0
    Info (39025): Processed Memory Initialization File C:/Users/lukej/Desktop/EPQ2017tests/K1mod/K1mod/program.mif File: C:/Users/lukej/Desktop/EPQ2017tests/K1mod/K1mod/program.mif Line: 0
Info: Quartus Prime MIF/HEX Update was successful. 0 errors, 3 warnings
    Info: Peak virtual memory: 778 megabytes
    Info: Processing ended: Fri Mar 23 21:20:44 2018
    Info: Elapsed time: 00:00:06
    Info: Total CPU time (on all processors): 00:00:06


